<?xml version="1.0" encoding="UTF-8"?>
<!-- Generated by org.testng.reporters.JUnitReportReporter -->
<testsuite skipped="0" hostname="LAPTOP-40Q5IGGL" name="com.myntraTestScript.Profile" tests="1" failures="0" timestamp="2020-04-06T20:55:51 IST" time="7.889" errors="0">
  <testcase name="profile" time="7.889" classname="com.myntraTestScript.Profile"/>
</testsuite> <!-- com.myntraTestScript.Profile -->
