<?xml version="1.0" encoding="UTF-8"?>
<!-- Generated by org.testng.reporters.JUnitReportReporter -->
<testsuite skipped="0" hostname="LAPTOP-40Q5IGGL" name="com.myntraTestScript.Cart" tests="1" failures="0" timestamp="2020-04-06T20:55:51 IST" time="7.152" errors="0">
  <testcase name="cart" time="7.152" classname="com.myntraTestScript.Cart"/>
</testsuite> <!-- com.myntraTestScript.Cart -->
