<?xml version="1.0" encoding="UTF-8"?>
<!-- Generated by org.testng.reporters.JUnitReportReporter -->
<testsuite skipped="0" hostname="LAPTOP-40Q5IGGL" name="com.myntraTestScript.Capture_Price" tests="1" failures="0" timestamp="2020-04-06T20:55:51 IST" time="14.937" errors="0">
  <testcase name="captureprice" time="14.937" classname="com.myntraTestScript.Capture_Price"/>
</testsuite> <!-- com.myntraTestScript.Capture_Price -->
