<?xml version="1.0" encoding="UTF-8"?>
<!-- Generated by org.testng.reporters.JUnitReportReporter -->
<testsuite skipped="0" hostname="LAPTOP-40Q5IGGL" name="com.myntraTestScript.DeleteWishlist" tests="1" failures="0" timestamp="2020-04-06T20:15:10 IST" time="9.986" errors="0">
  <testcase name="DeleteWishlist" time="9.986" classname="com.myntraTestScript.DeleteWishlist"/>
</testsuite> <!-- com.myntraTestScript.DeleteWishlist -->
