<?xml version="1.0" encoding="UTF-8"?>
<!-- Generated by org.testng.reporters.JUnitReportReporter -->
<testsuite skipped="0" hostname="LAPTOP-40Q5IGGL" name="com.myntraTestScript.LoginTest" tests="1" failures="0" timestamp="2020-03-31T17:50:16 IST" time="5.492" errors="0">
  <testcase name="search" time="5.492" classname="com.myntraTestScript.LoginTest"/>
</testsuite> <!-- com.myntraTestScript.LoginTest -->
